[0.135s] DEBUG:colcon:Command line arguments: ['/usr/bin/colcon', 'build']
[0.135s] DEBUG:colcon:Parsed command line arguments: Namespace(log_base=None, log_level=None, verb_name='build', build_base='build', install_base='install', merge_install=False, symlink_install=False, test_result_base=None, continue_on_error=False, executor='parallel', parallel_workers=8, event_handlers=None, ignore_user_meta=False, metas=['./colcon.meta'], base_paths=['.'], packages_ignore=None, packages_ignore_regex=None, paths=None, packages_up_to=None, packages_up_to_regex=None, packages_above=None, packages_above_and_dependencies=None, packages_above_depth=None, packages_select_by_dep=None, packages_skip_by_dep=None, packages_skip_up_to=None, packages_select_build_failed=False, packages_skip_build_finished=False, packages_select_test_failures=False, packages_skip_test_passed=False, packages_select=None, packages_skip=None, packages_select_regex=None, packages_skip_regex=None, packages_start=None, packages_end=None, allow_overriding=[], cmake_args=None, cmake_target=None, cmake_target_skip_unavailable=False, cmake_clean_cache=False, cmake_clean_first=False, cmake_force_configure=False, ament_cmake_args=None, catkin_cmake_args=None, catkin_skip_building_tests=False, verb_parser=<colcon_defaults.argument_parser.defaults.DefaultArgumentsDecorator object at 0x773627bd1180>, verb_extension=<colcon_core.verb.build.BuildVerb object at 0x773627fad6c0>, main=<bound method BuildVerb.main of <colcon_core.verb.build.BuildVerb object at 0x773627fad6c0>>)
[0.481s] Level 1:colcon.colcon_core.package_discovery:discover_packages(colcon_meta) check parameters
[0.481s] Level 1:colcon.colcon_core.package_discovery:discover_packages(recursive) check parameters
[0.481s] Level 1:colcon.colcon_core.package_discovery:discover_packages(ignore) check parameters
[0.482s] Level 1:colcon.colcon_core.package_discovery:discover_packages(path) check parameters
[0.482s] Level 1:colcon.colcon_core.package_discovery:discover_packages(colcon_meta) discover
[0.482s] Level 1:colcon.colcon_core.package_discovery:discover_packages(recursive) discover
[0.482s] INFO:colcon.colcon_core.package_discovery:Crawling recursively for packages in '/home/renzo/ros2_ws/src/ur_coppeliasim'
[0.482s] Level 1:colcon.colcon_core.package_identification:_identify(.) by extensions ['ignore', 'ignore_ament_install']
[0.482s] Level 1:colcon.colcon_core.package_identification:_identify(.) by extension 'ignore'
[0.482s] Level 1:colcon.colcon_core.package_identification:_identify(.) by extension 'ignore_ament_install'
[0.482s] Level 1:colcon.colcon_core.package_identification:_identify(.) by extensions ['colcon_pkg']
[0.482s] Level 1:colcon.colcon_core.package_identification:_identify(.) by extension 'colcon_pkg'
[0.482s] Level 1:colcon.colcon_core.package_identification:_identify(.) by extensions ['colcon_meta']
[0.482s] Level 1:colcon.colcon_core.package_identification:_identify(.) by extension 'colcon_meta'
[0.482s] Level 1:colcon.colcon_core.package_identification:_identify(.) by extensions ['ros']
[0.482s] Level 1:colcon.colcon_core.package_identification:_identify(.) by extension 'ros'
[0.498s] DEBUG:colcon.colcon_core.package_identification:Package '.' with type 'ros.ament_cmake' and name 'ur_coppeliasim'
[0.498s] Level 1:colcon.colcon_core.package_discovery:discover_packages(recursive) using defaults
[0.498s] Level 1:colcon.colcon_core.package_discovery:discover_packages(ignore) discover
[0.498s] Level 1:colcon.colcon_core.package_discovery:discover_packages(ignore) using defaults
[0.498s] Level 1:colcon.colcon_core.package_discovery:discover_packages(path) discover
[0.498s] Level 1:colcon.colcon_core.package_discovery:discover_packages(path) using defaults
[0.514s] Level 1:colcon.colcon_core.package_discovery:discover_packages(prefix_path) check parameters
[0.514s] Level 1:colcon.colcon_core.package_discovery:discover_packages(prefix_path) discover
[0.515s] WARNING:colcon.colcon_ros.prefix_path.ament:The path '/home/renzo/ros2_ws/install/ur_coppeliasim' in the environment variable AMENT_PREFIX_PATH doesn't exist
[0.515s] WARNING:colcon.colcon_ros.prefix_path.ament:The path '/home/renzo/ros2_ws/install/ur3_injection_controller' in the environment variable AMENT_PREFIX_PATH doesn't exist
[0.515s] WARNING:colcon.colcon_ros.prefix_path.catkin:The path '/home/renzo/ros2_ws/install/ur_coppeliasim' in the environment variable CMAKE_PREFIX_PATH doesn't exist
[0.516s] DEBUG:colcon.colcon_installed_package_information.package_discovery:Found 8 installed packages in /home/renzo/controller_ws/install
[0.517s] DEBUG:colcon.colcon_installed_package_information.package_discovery:Found 1 installed packages in /home/renzo/ros2_ws/install
[0.518s] DEBUG:colcon.colcon_installed_package_information.package_discovery:Found 309 installed packages in /opt/ros/humble
[0.519s] Level 1:colcon.colcon_core.package_discovery:discover_packages(prefix_path) using defaults
[0.561s] Level 5:colcon.colcon_core.verb:set package 'ur_coppeliasim' build argument 'cmake_args' from command line to 'None'
[0.561s] Level 5:colcon.colcon_core.verb:set package 'ur_coppeliasim' build argument 'cmake_target' from command line to 'None'
[0.561s] Level 5:colcon.colcon_core.verb:set package 'ur_coppeliasim' build argument 'cmake_target_skip_unavailable' from command line to 'False'
[0.561s] Level 5:colcon.colcon_core.verb:set package 'ur_coppeliasim' build argument 'cmake_clean_cache' from command line to 'False'
[0.561s] Level 5:colcon.colcon_core.verb:set package 'ur_coppeliasim' build argument 'cmake_clean_first' from command line to 'False'
[0.561s] Level 5:colcon.colcon_core.verb:set package 'ur_coppeliasim' build argument 'cmake_force_configure' from command line to 'False'
[0.561s] Level 5:colcon.colcon_core.verb:set package 'ur_coppeliasim' build argument 'ament_cmake_args' from command line to 'None'
[0.561s] Level 5:colcon.colcon_core.verb:set package 'ur_coppeliasim' build argument 'catkin_cmake_args' from command line to 'None'
[0.561s] Level 5:colcon.colcon_core.verb:set package 'ur_coppeliasim' build argument 'catkin_skip_building_tests' from command line to 'False'
[0.561s] DEBUG:colcon.colcon_core.verb:Building package 'ur_coppeliasim' with the following arguments: {'ament_cmake_args': None, 'build_base': '/home/renzo/ros2_ws/src/ur_coppeliasim/build/ur_coppeliasim', 'catkin_cmake_args': None, 'catkin_skip_building_tests': False, 'cmake_args': None, 'cmake_clean_cache': False, 'cmake_clean_first': False, 'cmake_force_configure': False, 'cmake_target': None, 'cmake_target_skip_unavailable': False, 'install_base': '/home/renzo/ros2_ws/src/ur_coppeliasim/install/ur_coppeliasim', 'merge_install': False, 'path': '/home/renzo/ros2_ws/src/ur_coppeliasim', 'symlink_install': False, 'test_result_base': None}
[0.562s] INFO:colcon.colcon_core.executor:Executing jobs using 'parallel' executor
[0.563s] DEBUG:colcon.colcon_parallel_executor.executor.parallel:run_until_complete
[0.563s] INFO:colcon.colcon_ros.task.ament_cmake.build:Building ROS package in '/home/renzo/ros2_ws/src/ur_coppeliasim' with build type 'ament_cmake'
[0.563s] INFO:colcon.colcon_cmake.task.cmake.build:Building CMake package in '/home/renzo/ros2_ws/src/ur_coppeliasim'
[0.565s] INFO:colcon.colcon_core.plugin_system:Skipping extension 'colcon_core.shell.bat': Not used on non-Windows systems
[0.565s] INFO:colcon.colcon_core.shell:Skip shell extension 'powershell' for command environment: Not usable outside of PowerShell
[0.565s] DEBUG:colcon.colcon_core.shell:Skip shell extension 'dsv' for command environment
[0.575s] DEBUG:colcon.colcon_core.event_handler.log_command:Invoking command in '/home/renzo/ros2_ws/src/ur_coppeliasim/build/ur_coppeliasim': CMAKE_PREFIX_PATH=/home/renzo/ros2_ws/install/ur_coppeliasim:/home/renzo/ros2_ws/install/project_interfaces:/home/renzo/controller_ws/install/cartesian_compliance_controller:/home/renzo/controller_ws/install/cartesian_motion_controller:/home/renzo/controller_ws/install/cartesian_force_controller:/home/renzo/controller_ws/install/cartesian_controller_utilities:/home/renzo/ros2_ws/install/ur3_injection_controller:/opt/ros/humble:/home/renzo/controller_ws/install/cartesian_controller_tests:/home/renzo/controller_ws/install/cartesian_controller_simulation:/home/renzo/controller_ws/install/cartesian_controller_handles:/home/renzo/controller_ws/install/cartesian_controller_base /usr/bin/cmake /home/renzo/ros2_ws/src/ur_coppeliasim -DCMAKE_INSTALL_PREFIX=/home/renzo/ros2_ws/src/ur_coppeliasim/install/ur_coppeliasim
[2.368s] DEBUG:colcon.colcon_core.event_handler.log_command:Invoked command in '/home/renzo/ros2_ws/src/ur_coppeliasim/build/ur_coppeliasim' returned '0': CMAKE_PREFIX_PATH=/home/renzo/ros2_ws/install/ur_coppeliasim:/home/renzo/ros2_ws/install/project_interfaces:/home/renzo/controller_ws/install/cartesian_compliance_controller:/home/renzo/controller_ws/install/cartesian_motion_controller:/home/renzo/controller_ws/install/cartesian_force_controller:/home/renzo/controller_ws/install/cartesian_controller_utilities:/home/renzo/ros2_ws/install/ur3_injection_controller:/opt/ros/humble:/home/renzo/controller_ws/install/cartesian_controller_tests:/home/renzo/controller_ws/install/cartesian_controller_simulation:/home/renzo/controller_ws/install/cartesian_controller_handles:/home/renzo/controller_ws/install/cartesian_controller_base /usr/bin/cmake /home/renzo/ros2_ws/src/ur_coppeliasim -DCMAKE_INSTALL_PREFIX=/home/renzo/ros2_ws/src/ur_coppeliasim/install/ur_coppeliasim
[2.370s] DEBUG:colcon.colcon_core.event_handler.log_command:Invoking command in '/home/renzo/ros2_ws/src/ur_coppeliasim/build/ur_coppeliasim': CMAKE_PREFIX_PATH=/home/renzo/ros2_ws/install/ur_coppeliasim:/home/renzo/ros2_ws/install/project_interfaces:/home/renzo/controller_ws/install/cartesian_compliance_controller:/home/renzo/controller_ws/install/cartesian_motion_controller:/home/renzo/controller_ws/install/cartesian_force_controller:/home/renzo/controller_ws/install/cartesian_controller_utilities:/home/renzo/ros2_ws/install/ur3_injection_controller:/opt/ros/humble:/home/renzo/controller_ws/install/cartesian_controller_tests:/home/renzo/controller_ws/install/cartesian_controller_simulation:/home/renzo/controller_ws/install/cartesian_controller_handles:/home/renzo/controller_ws/install/cartesian_controller_base /usr/bin/cmake --build /home/renzo/ros2_ws/src/ur_coppeliasim/build/ur_coppeliasim -- -j8 -l8
[11.725s] DEBUG:colcon.colcon_core.event_handler.log_command:Invoked command in '/home/renzo/ros2_ws/src/ur_coppeliasim/build/ur_coppeliasim' returned '0': CMAKE_PREFIX_PATH=/home/renzo/ros2_ws/install/ur_coppeliasim:/home/renzo/ros2_ws/install/project_interfaces:/home/renzo/controller_ws/install/cartesian_compliance_controller:/home/renzo/controller_ws/install/cartesian_motion_controller:/home/renzo/controller_ws/install/cartesian_force_controller:/home/renzo/controller_ws/install/cartesian_controller_utilities:/home/renzo/ros2_ws/install/ur3_injection_controller:/opt/ros/humble:/home/renzo/controller_ws/install/cartesian_controller_tests:/home/renzo/controller_ws/install/cartesian_controller_simulation:/home/renzo/controller_ws/install/cartesian_controller_handles:/home/renzo/controller_ws/install/cartesian_controller_base /usr/bin/cmake --build /home/renzo/ros2_ws/src/ur_coppeliasim/build/ur_coppeliasim -- -j8 -l8
[11.767s] DEBUG:colcon.colcon_core.event_handler.log_command:Invoking command in '/home/renzo/ros2_ws/src/ur_coppeliasim/build/ur_coppeliasim': CMAKE_PREFIX_PATH=/home/renzo/ros2_ws/install/ur_coppeliasim:/home/renzo/ros2_ws/install/project_interfaces:/home/renzo/controller_ws/install/cartesian_compliance_controller:/home/renzo/controller_ws/install/cartesian_motion_controller:/home/renzo/controller_ws/install/cartesian_force_controller:/home/renzo/controller_ws/install/cartesian_controller_utilities:/home/renzo/ros2_ws/install/ur3_injection_controller:/opt/ros/humble:/home/renzo/controller_ws/install/cartesian_controller_tests:/home/renzo/controller_ws/install/cartesian_controller_simulation:/home/renzo/controller_ws/install/cartesian_controller_handles:/home/renzo/controller_ws/install/cartesian_controller_base /usr/bin/cmake --install /home/renzo/ros2_ws/src/ur_coppeliasim/build/ur_coppeliasim
[11.837s] Level 1:colcon.colcon_core.environment:create_environment_scripts_only(ur_coppeliasim)
[11.837s] DEBUG:colcon.colcon_core.event_handler.log_command:Invoked command in '/home/renzo/ros2_ws/src/ur_coppeliasim/build/ur_coppeliasim' returned '0': CMAKE_PREFIX_PATH=/home/renzo/ros2_ws/install/ur_coppeliasim:/home/renzo/ros2_ws/install/project_interfaces:/home/renzo/controller_ws/install/cartesian_compliance_controller:/home/renzo/controller_ws/install/cartesian_motion_controller:/home/renzo/controller_ws/install/cartesian_force_controller:/home/renzo/controller_ws/install/cartesian_controller_utilities:/home/renzo/ros2_ws/install/ur3_injection_controller:/opt/ros/humble:/home/renzo/controller_ws/install/cartesian_controller_tests:/home/renzo/controller_ws/install/cartesian_controller_simulation:/home/renzo/controller_ws/install/cartesian_controller_handles:/home/renzo/controller_ws/install/cartesian_controller_base /usr/bin/cmake --install /home/renzo/ros2_ws/src/ur_coppeliasim/build/ur_coppeliasim
[11.839s] Level 1:colcon.colcon_core.environment:checking '/home/renzo/ros2_ws/src/ur_coppeliasim/install/ur_coppeliasim' for CMake module files
[11.840s] Level 1:colcon.colcon_core.environment:checking '/home/renzo/ros2_ws/src/ur_coppeliasim/install/ur_coppeliasim' for CMake config files
[11.840s] Level 1:colcon.colcon_core.shell:create_environment_hook('ur_coppeliasim', 'cmake_prefix_path')
[11.840s] INFO:colcon.colcon_core.shell:Creating environment hook '/home/renzo/ros2_ws/src/ur_coppeliasim/install/ur_coppeliasim/share/ur_coppeliasim/hook/cmake_prefix_path.ps1'
[11.856s] INFO:colcon.colcon_core.shell:Creating environment descriptor '/home/renzo/ros2_ws/src/ur_coppeliasim/install/ur_coppeliasim/share/ur_coppeliasim/hook/cmake_prefix_path.dsv'
[11.856s] INFO:colcon.colcon_core.shell:Creating environment hook '/home/renzo/ros2_ws/src/ur_coppeliasim/install/ur_coppeliasim/share/ur_coppeliasim/hook/cmake_prefix_path.sh'
[11.857s] Level 1:colcon.colcon_core.environment:checking '/home/renzo/ros2_ws/src/ur_coppeliasim/install/ur_coppeliasim/lib'
[11.858s] Level 1:colcon.colcon_core.shell:create_environment_hook('ur_coppeliasim', 'ld_library_path_lib')
[11.858s] INFO:colcon.colcon_core.shell:Creating environment hook '/home/renzo/ros2_ws/src/ur_coppeliasim/install/ur_coppeliasim/share/ur_coppeliasim/hook/ld_library_path_lib.ps1'
[11.858s] INFO:colcon.colcon_core.shell:Creating environment descriptor '/home/renzo/ros2_ws/src/ur_coppeliasim/install/ur_coppeliasim/share/ur_coppeliasim/hook/ld_library_path_lib.dsv'
[11.859s] INFO:colcon.colcon_core.shell:Creating environment hook '/home/renzo/ros2_ws/src/ur_coppeliasim/install/ur_coppeliasim/share/ur_coppeliasim/hook/ld_library_path_lib.sh'
[11.859s] Level 1:colcon.colcon_core.environment:checking '/home/renzo/ros2_ws/src/ur_coppeliasim/install/ur_coppeliasim/bin'
[11.859s] Level 1:colcon.colcon_core.environment:checking '/home/renzo/ros2_ws/src/ur_coppeliasim/install/ur_coppeliasim/lib/pkgconfig/ur_coppeliasim.pc'
[11.860s] Level 1:colcon.colcon_core.environment:checking '/home/renzo/ros2_ws/src/ur_coppeliasim/install/ur_coppeliasim/lib/python3.10/site-packages'
[11.860s] Level 1:colcon.colcon_core.environment:checking '/home/renzo/ros2_ws/src/ur_coppeliasim/install/ur_coppeliasim/bin'
[11.860s] INFO:colcon.colcon_core.shell:Creating package script '/home/renzo/ros2_ws/src/ur_coppeliasim/install/ur_coppeliasim/share/ur_coppeliasim/package.ps1'
[11.861s] INFO:colcon.colcon_core.shell:Creating package descriptor '/home/renzo/ros2_ws/src/ur_coppeliasim/install/ur_coppeliasim/share/ur_coppeliasim/package.dsv'
[11.862s] INFO:colcon.colcon_core.shell:Creating package script '/home/renzo/ros2_ws/src/ur_coppeliasim/install/ur_coppeliasim/share/ur_coppeliasim/package.sh'
[11.863s] INFO:colcon.colcon_core.shell:Creating package script '/home/renzo/ros2_ws/src/ur_coppeliasim/install/ur_coppeliasim/share/ur_coppeliasim/package.bash'
[11.864s] INFO:colcon.colcon_core.shell:Creating package script '/home/renzo/ros2_ws/src/ur_coppeliasim/install/ur_coppeliasim/share/ur_coppeliasim/package.zsh'
[11.865s] Level 1:colcon.colcon_core.environment:create_file_with_runtime_dependencies(/home/renzo/ros2_ws/src/ur_coppeliasim/install/ur_coppeliasim/share/colcon-core/packages/ur_coppeliasim)
[11.896s] Level 1:colcon.colcon_core.environment:create_environment_scripts_only(ur_coppeliasim)
[11.896s] Level 1:colcon.colcon_core.environment:checking '/home/renzo/ros2_ws/src/ur_coppeliasim/install/ur_coppeliasim' for CMake module files
[11.897s] Level 1:colcon.colcon_core.environment:checking '/home/renzo/ros2_ws/src/ur_coppeliasim/install/ur_coppeliasim' for CMake config files
[11.897s] Level 1:colcon.colcon_core.shell:create_environment_hook('ur_coppeliasim', 'cmake_prefix_path')
[11.897s] INFO:colcon.colcon_core.shell:Creating environment hook '/home/renzo/ros2_ws/src/ur_coppeliasim/install/ur_coppeliasim/share/ur_coppeliasim/hook/cmake_prefix_path.ps1'
[11.898s] INFO:colcon.colcon_core.shell:Creating environment descriptor '/home/renzo/ros2_ws/src/ur_coppeliasim/install/ur_coppeliasim/share/ur_coppeliasim/hook/cmake_prefix_path.dsv'
[11.898s] INFO:colcon.colcon_core.shell:Creating environment hook '/home/renzo/ros2_ws/src/ur_coppeliasim/install/ur_coppeliasim/share/ur_coppeliasim/hook/cmake_prefix_path.sh'
[11.899s] Level 1:colcon.colcon_core.environment:checking '/home/renzo/ros2_ws/src/ur_coppeliasim/install/ur_coppeliasim/lib'
[11.899s] Level 1:colcon.colcon_core.shell:create_environment_hook('ur_coppeliasim', 'ld_library_path_lib')
[11.899s] INFO:colcon.colcon_core.shell:Creating environment hook '/home/renzo/ros2_ws/src/ur_coppeliasim/install/ur_coppeliasim/share/ur_coppeliasim/hook/ld_library_path_lib.ps1'
[11.900s] INFO:colcon.colcon_core.shell:Creating environment descriptor '/home/renzo/ros2_ws/src/ur_coppeliasim/install/ur_coppeliasim/share/ur_coppeliasim/hook/ld_library_path_lib.dsv'
[11.900s] INFO:colcon.colcon_core.shell:Creating environment hook '/home/renzo/ros2_ws/src/ur_coppeliasim/install/ur_coppeliasim/share/ur_coppeliasim/hook/ld_library_path_lib.sh'
[11.901s] Level 1:colcon.colcon_core.environment:checking '/home/renzo/ros2_ws/src/ur_coppeliasim/install/ur_coppeliasim/bin'
[11.901s] Level 1:colcon.colcon_core.environment:checking '/home/renzo/ros2_ws/src/ur_coppeliasim/install/ur_coppeliasim/lib/pkgconfig/ur_coppeliasim.pc'
[11.901s] Level 1:colcon.colcon_core.environment:checking '/home/renzo/ros2_ws/src/ur_coppeliasim/install/ur_coppeliasim/lib/python3.10/site-packages'
[11.901s] Level 1:colcon.colcon_core.environment:checking '/home/renzo/ros2_ws/src/ur_coppeliasim/install/ur_coppeliasim/bin'
[11.902s] INFO:colcon.colcon_core.shell:Creating package script '/home/renzo/ros2_ws/src/ur_coppeliasim/install/ur_coppeliasim/share/ur_coppeliasim/package.ps1'
[11.902s] INFO:colcon.colcon_core.shell:Creating package descriptor '/home/renzo/ros2_ws/src/ur_coppeliasim/install/ur_coppeliasim/share/ur_coppeliasim/package.dsv'
[11.903s] INFO:colcon.colcon_core.shell:Creating package script '/home/renzo/ros2_ws/src/ur_coppeliasim/install/ur_coppeliasim/share/ur_coppeliasim/package.sh'
[11.904s] INFO:colcon.colcon_core.shell:Creating package script '/home/renzo/ros2_ws/src/ur_coppeliasim/install/ur_coppeliasim/share/ur_coppeliasim/package.bash'
[11.905s] INFO:colcon.colcon_core.shell:Creating package script '/home/renzo/ros2_ws/src/ur_coppeliasim/install/ur_coppeliasim/share/ur_coppeliasim/package.zsh'
[11.905s] Level 1:colcon.colcon_core.environment:create_file_with_runtime_dependencies(/home/renzo/ros2_ws/src/ur_coppeliasim/install/ur_coppeliasim/share/colcon-core/packages/ur_coppeliasim)
[11.905s] DEBUG:colcon.colcon_parallel_executor.executor.parallel:closing loop
[11.906s] DEBUG:colcon.colcon_parallel_executor.executor.parallel:loop closed
[11.906s] DEBUG:colcon.colcon_parallel_executor.executor.parallel:run_until_complete finished with '0'
[11.906s] DEBUG:colcon.colcon_core.event_reactor:joining thread
[11.911s] INFO:colcon.colcon_core.plugin_system:Skipping extension 'colcon_notification.desktop_notification.terminal_notifier': Not used on non-Darwin systems
[11.911s] INFO:colcon.colcon_core.plugin_system:Skipping extension 'colcon_notification.desktop_notification.win32': Not used on non-Windows systems
[11.911s] INFO:colcon.colcon_notification.desktop_notification:Sending desktop notification using 'notify2'
[11.923s] DEBUG:colcon.colcon_core.event_reactor:joined thread
[11.923s] INFO:colcon.colcon_core.shell:Creating prefix script '/home/renzo/ros2_ws/src/ur_coppeliasim/install/local_setup.ps1'
[11.925s] INFO:colcon.colcon_core.shell:Creating prefix util module '/home/renzo/ros2_ws/src/ur_coppeliasim/install/_local_setup_util_ps1.py'
[11.927s] INFO:colcon.colcon_core.shell:Creating prefix chain script '/home/renzo/ros2_ws/src/ur_coppeliasim/install/setup.ps1'
[11.930s] INFO:colcon.colcon_core.shell:Creating prefix script '/home/renzo/ros2_ws/src/ur_coppeliasim/install/local_setup.sh'
[11.931s] INFO:colcon.colcon_core.shell:Creating prefix util module '/home/renzo/ros2_ws/src/ur_coppeliasim/install/_local_setup_util_sh.py'
[11.932s] INFO:colcon.colcon_core.shell:Creating prefix chain script '/home/renzo/ros2_ws/src/ur_coppeliasim/install/setup.sh'
[11.934s] INFO:colcon.colcon_core.shell:Creating prefix script '/home/renzo/ros2_ws/src/ur_coppeliasim/install/local_setup.bash'
[11.935s] INFO:colcon.colcon_core.shell:Creating prefix chain script '/home/renzo/ros2_ws/src/ur_coppeliasim/install/setup.bash'
[11.937s] INFO:colcon.colcon_core.shell:Creating prefix script '/home/renzo/ros2_ws/src/ur_coppeliasim/install/local_setup.zsh'
[11.937s] INFO:colcon.colcon_core.shell:Creating prefix chain script '/home/renzo/ros2_ws/src/ur_coppeliasim/install/setup.zsh'
